I, [2025-01-27T16:04:15.176653 #16404]  INFO -- : Writing application-8b5fd06d.css
I, [2025-01-27T16:04:15.198908 #16404]  INFO -- : Writing application-ff074196.js
I, [2025-01-27T16:04:15.213393 #16404]  INFO -- : Writing stimulus-autoloader-9d447422.js
I, [2025-01-27T16:04:15.216311 #16404]  INFO -- : Writing stimulus-importmap-autoloader-64cc03e1.js
I, [2025-01-27T16:04:15.219138 #16404]  INFO -- : Writing stimulus-loading-1fc53fe7.js
I, [2025-01-27T16:04:15.222557 #16404]  INFO -- : Writing stimulus-d59b3b7f.js
I, [2025-01-27T16:04:15.230444 #16404]  INFO -- : Writing stimulus.min-4b1e420e.js
I, [2025-01-27T16:04:15.239189 #16404]  INFO -- : Writing stimulus.min-2395e199.js.map
I, [2025-01-27T16:04:15.243320 #16404]  INFO -- : Writing turbo-86e38c3c.js
I, [2025-01-27T16:04:15.255892 #16404]  INFO -- : Writing turbo.min-fae85750.js
I, [2025-01-27T16:04:15.263687 #16404]  INFO -- : Writing turbo.min-5dd5a71a.js.map
I, [2025-01-27T16:04:15.269391 #16404]  INFO -- : Writing actiontext.esm-f1c04d34.js
I, [2025-01-27T16:04:15.278384 #16404]  INFO -- : Writing actiontext-a4ee937e.js
I, [2025-01-27T16:04:15.287958 #16404]  INFO -- : Writing trix-0d050b00.js
I, [2025-01-27T16:04:15.325879 #16404]  INFO -- : Writing trix-c4e7be2d.css
I, [2025-01-27T16:04:15.332757 #16404]  INFO -- : Writing actioncable.esm-e0ec9819.js
I, [2025-01-27T16:04:15.340237 #16404]  INFO -- : Writing actioncable-ac25813f.js
I, [2025-01-27T16:04:15.345986 #16404]  INFO -- : Writing action_cable-5212cfee.js
I, [2025-01-27T16:04:15.352440 #16404]  INFO -- : Writing activestorage.esm-f2909226.js
I, [2025-01-27T16:04:15.361042 #16404]  INFO -- : Writing activestorage-32201f68.js
I, [2025-01-27T16:04:15.369884 #16404]  INFO -- : Writing rails-ujs.esm-e925103b.js
I, [2025-01-27T16:04:15.377663 #16404]  INFO -- : Writing rails-ujs-20eaf715.js
